trainable params: 20,054,016 || all params: 3,105,992,704 || trainable%: 0.6457
Training samples: 1119 | batch_size: 16 | steps/epoch: 70 | epochs: 5
[epoch 1 step 10] loss=1.1490
[epoch 1 step 20] loss=1.0555
[epoch 1 step 30] loss=1.0464
[epoch 1 step 40] loss=1.0628
[epoch 1 step 50] loss=1.0362
[epoch 1 step 60] loss=1.0610
[epoch 1 step 70] loss=0.9968
Epoch 1 finished | avg_loss=1.2806
[epoch 2 step 10] loss=0.9884
[epoch 2 step 20] loss=0.9934
[epoch 2 step 30] loss=1.0070
[epoch 2 step 40] loss=1.0204
[epoch 2 step 50] loss=1.0298
[epoch 2 step 60] loss=1.0068
[epoch 2 step 70] loss=0.9837
Epoch 2 finished | avg_loss=0.9971
[epoch 3 step 10] loss=0.9699
[epoch 3 step 20] loss=0.9656
[epoch 3 step 30] loss=0.9655
[epoch 3 step 40] loss=0.9682
[epoch 3 step 50] loss=0.9760
[epoch 3 step 60] loss=0.9814
[epoch 3 step 70] loss=0.9846
Epoch 3 finished | avg_loss=0.9747
[epoch 4 step 10] loss=0.9734
[epoch 4 step 20] loss=0.9646
[epoch 4 step 30] loss=1.0077
[epoch 4 step 40] loss=0.9647
[epoch 4 step 50] loss=0.9650
[epoch 4 step 60] loss=0.9660
[epoch 4 step 70] loss=0.9776
Epoch 4 finished | avg_loss=0.9683
[epoch 5 step 10] loss=0.9634
[epoch 5 step 20] loss=0.9644
[epoch 5 step 30] loss=0.9645
[epoch 5 step 40] loss=1.0238
[epoch 5 step 50] loss=0.9641
[epoch 5 step 60] loss=0.9651
[epoch 5 step 70] loss=0.9685
Epoch 5 finished | avg_loss=0.9730
Saved LoRA adapter to /scratch/gautschi/fang375/verl_CL/SFT_commensense_reasoning/outputs/arc_challenge_lora
LoRA adapter saved to /scratch/gautschi/fang375/verl_CL/SFT_commensense_reasoning/outputs/arc_challenge_lora
