trainable params: 20,054,016 || all params: 3,105,992,704 || trainable%: 0.6457
Training samples: 1119 | batch_size: 16 | steps/epoch: 70 | epochs: 5
[epoch 1 step 10] loss=1.1065
[epoch 1 step 20] loss=1.0474
[epoch 1 step 30] loss=1.0323
[epoch 1 step 40] loss=1.0378
[epoch 1 step 50] loss=1.0232
[epoch 1 step 60] loss=1.0454
[epoch 1 step 70] loss=0.9882
Epoch 1 finished | avg_loss=1.2250
[epoch 2 step 10] loss=1.0035
[epoch 2 step 20] loss=0.9837
[epoch 2 step 30] loss=0.9970
[epoch 2 step 40] loss=1.0141
[epoch 2 step 50] loss=1.0175
[epoch 2 step 60] loss=1.0026
[epoch 2 step 70] loss=0.9813
Epoch 2 finished | avg_loss=0.9901
[epoch 3 step 10] loss=0.9646
[epoch 3 step 20] loss=0.9640
[epoch 3 step 30] loss=0.9647
[epoch 3 step 40] loss=0.9986
[epoch 3 step 50] loss=1.0114
[epoch 3 step 60] loss=0.9697
[epoch 3 step 70] loss=0.9641
Epoch 3 finished | avg_loss=0.9724
[epoch 4 step 10] loss=0.9624
[epoch 4 step 20] loss=0.9635
[epoch 4 step 30] loss=0.9648
[epoch 4 step 40] loss=0.9701
[epoch 4 step 50] loss=0.9637
[epoch 4 step 60] loss=0.9764
[epoch 4 step 70] loss=0.9853
Epoch 4 finished | avg_loss=0.9748
[epoch 5 step 10] loss=0.9638
[epoch 5 step 20] loss=0.9650
[epoch 5 step 30] loss=0.9643
[epoch 5 step 40] loss=0.9961
[epoch 5 step 50] loss=0.9738
[epoch 5 step 60] loss=0.9673
[epoch 5 step 70] loss=1.0075
Epoch 5 finished | avg_loss=0.9748
Saved LoRA adapter to /scratch/gautschi/fang375/verl_CL/SFT_commensense_reasoning/outputs/arc_challenge_lora
LoRA adapter saved to /scratch/gautschi/fang375/verl_CL/SFT_commensense_reasoning/outputs/arc_challenge_lora
